<?xml version="1.0" encoding="UTF-8"?>
<!-- Generated by org.testng.reporters.JUnitXMLReporter -->
<testsuite ignored="2" hostname="ARJUN" failures="0" tests="2" name="Sample(failed)(failed)" time="0.084" errors="0" timestamp="2022-03-14T19:12:58 IST">
  <testcase classname="TestNG.sample2" name="TC6" time="0.013"/>
  <testcase classname="TestNG.sample2" name="TC5" time="0.004"/>
  <testcase classname="TestNG.sample2" name="TC4" time="0.0">
    <ignored/>
  </testcase> <!-- TC4 -->
  <testcase classname="TestNG.sample2" name="TC7" time="0.0">
    <ignored/>
  </testcase> <!-- TC7 -->
</testsuite> <!-- Sample(failed)(failed) -->
