<?xml version="1.0" encoding="UTF-8"?>
<!-- Generated by org.testng.reporters.JUnitXMLReporter -->
<testsuite ignored="0" hostname="ARJUN" failures="1" tests="10" name="Sample" time="0.135" errors="0" timestamp="2022-03-14T19:06:55 IST">
  <testcase classname="TestNG.sample1" name="TC1" time="0.013"/>
  <testcase classname="TestNG.sample1" name="TC2" time="0.004"/>
  <testcase classname="TestNG.sample1" name="TC3" time="0.004"/>
  <testcase classname="TestNG.sample2" name="TC4" time="0.001"/>
  <testcase classname="TestNG.sample2" name="TC5" time="0.002"/>
  <testcase classname="TestNG.sample2" name="TC6" time="0.007">
    <failure type="java.lang.AssertionError" message="null">
      <![CDATA[java.lang.AssertionError: null
at TestNG.sample2.TC6(sample2.java:20)
at java.base/java.util.ArrayList.forEach(ArrayList.java:1511)
... Removed 29 stack frames]]>
    </failure>
  </testcase> <!-- TC6 -->
  <testcase classname="TestNG.sample2" name="TC7" time="0.003"/>
  <testcase classname="TestNG.sample3" name="TC10" time="0.001"/>
  <testcase classname="TestNG.sample3" name="TC8" time="0.001"/>
  <testcase classname="TestNG.sample3" name="TC9" time="0.002"/>
</testsuite> <!-- Sample -->
